2011-09-27 15:37:38 Debug: Notice (8): Undefined property: View::$Javascript in [C:\wamp\www\qrcode\views\users\login.ctp, line 1]
2011-09-30 02:20:15 Debug: Notice (8): Undefined property: FacultiesController::$Dependence in [C:\wamp\www\qrcode\controllers\faculties_controller.php, line 27]
2011-09-30 02:20:41 Debug: Notice (8): Undefined index: faculty in [C:\wamp\www\qrcode\controllers\faculties_controller.php, line 27]
2011-09-30 02:21:21 Debug: Notice (8): Undefined variable: faculty in [C:\wamp\www\qrcode\views\faculties\view2.ctp, line 6]
2011-09-30 02:21:21 Debug: Notice (8): Undefined variable: faculty in [C:\wamp\www\qrcode\views\faculties\view2.ctp, line 11]
2011-09-30 02:21:21 Debug: Notice (8): Undefined variable: faculty in [C:\wamp\www\qrcode\views\faculties\view2.ctp, line 16]
2011-09-30 02:21:21 Debug: Notice (8): Undefined variable: faculty in [C:\wamp\www\qrcode\views\faculties\view2.ctp, line 21]
2011-09-30 02:21:21 Debug: Notice (8): Undefined variable: faculty in [C:\wamp\www\qrcode\views\faculties\view2.ctp, line 26]
2011-09-30 02:21:21 Debug: Notice (8): Undefined variable: faculty in [C:\wamp\www\qrcode\views\faculties\view2.ctp, line 31]
2011-09-30 02:21:37 Debug: Notice (8): Undefined index: faculties in [C:\wamp\www\qrcode\controllers\faculties_controller.php, line 27]
2011-09-30 02:21:37 Debug: Notice (8): Undefined variable: faculty in [C:\wamp\www\qrcode\views\faculties\view2.ctp, line 6]
2011-09-30 02:21:37 Debug: Notice (8): Undefined variable: faculty in [C:\wamp\www\qrcode\views\faculties\view2.ctp, line 11]
2011-09-30 02:21:37 Debug: Notice (8): Undefined variable: faculty in [C:\wamp\www\qrcode\views\faculties\view2.ctp, line 16]
2011-09-30 02:21:37 Debug: Notice (8): Undefined variable: faculty in [C:\wamp\www\qrcode\views\faculties\view2.ctp, line 21]
2011-09-30 02:21:37 Debug: Notice (8): Undefined variable: faculty in [C:\wamp\www\qrcode\views\faculties\view2.ctp, line 26]
2011-09-30 02:21:37 Debug: Notice (8): Undefined variable: faculty in [C:\wamp\www\qrcode\views\faculties\view2.ctp, line 31]
2011-09-30 02:22:17 Debug: Notice (8): Undefined index: faculties in [C:\wamp\www\qrcode\controllers\faculties_controller.php, line 27]
2011-09-30 02:22:17 Debug: Notice (8): Undefined variable: faculty in [C:\wamp\www\qrcode\views\faculties\view2.ctp, line 6]
2011-09-30 02:22:17 Debug: Notice (8): Undefined variable: faculty in [C:\wamp\www\qrcode\views\faculties\view2.ctp, line 11]
2011-09-30 02:22:17 Debug: Notice (8): Undefined variable: faculty in [C:\wamp\www\qrcode\views\faculties\view2.ctp, line 16]
2011-09-30 02:22:17 Debug: Notice (8): Undefined variable: faculty in [C:\wamp\www\qrcode\views\faculties\view2.ctp, line 21]
2011-09-30 02:22:17 Debug: Notice (8): Undefined variable: faculty in [C:\wamp\www\qrcode\views\faculties\view2.ctp, line 26]
2011-09-30 02:22:17 Debug: Notice (8): Undefined variable: faculty in [C:\wamp\www\qrcode\views\faculties\view2.ctp, line 31]
2011-10-02 18:18:41 Debug: Notice (8): Undefined index: 0 in [C:\wamp\www\qrcode\controllers\departments_controller.php, line 29]
2011-10-03 03:24:20 Debug: Notice (8): Undefined index: action in [C:\wamp\www\cake_1.3.0\cake\dispatcher.php, line 266]
2011-10-03 03:24:20 Debug: Notice (8): Undefined index: controller in [C:\wamp\www\cake_1.3.0\cake\dispatcher.php, line 121]
2011-10-03 03:26:45 Debug: Notice (8): Undefined index: action in [C:\wamp\www\cake_1.3.0\cake\dispatcher.php, line 266]
2011-10-03 03:26:45 Debug: Notice (8): Undefined index: controller in [C:\wamp\www\cake_1.3.0\cake\dispatcher.php, line 121]
2011-10-03 03:26:46 Debug: Notice (8): Undefined index: action in [C:\wamp\www\cake_1.3.0\cake\dispatcher.php, line 266]
2011-10-03 03:26:46 Debug: Notice (8): Undefined index: controller in [C:\wamp\www\cake_1.3.0\cake\dispatcher.php, line 121]
2011-10-03 03:26:47 Debug: Notice (8): Undefined index: action in [C:\wamp\www\cake_1.3.0\cake\dispatcher.php, line 266]
2011-10-03 03:26:47 Debug: Notice (8): Undefined index: controller in [C:\wamp\www\cake_1.3.0\cake\dispatcher.php, line 121]
2011-10-03 03:27:06 Debug: Notice (8): Undefined index: action in [C:\wamp\www\cake_1.3.0\cake\dispatcher.php, line 266]
2011-10-03 03:27:06 Debug: Notice (8): Undefined index: controller in [C:\wamp\www\cake_1.3.0\cake\dispatcher.php, line 121]
2011-10-03 03:27:07 Debug: Notice (8): Undefined index: action in [C:\wamp\www\cake_1.3.0\cake\dispatcher.php, line 266]
2011-10-03 03:27:07 Debug: Notice (8): Undefined index: controller in [C:\wamp\www\cake_1.3.0\cake\dispatcher.php, line 121]
2011-10-03 03:27:07 Debug: Notice (8): Undefined index: action in [C:\wamp\www\cake_1.3.0\cake\dispatcher.php, line 266]
2011-10-03 03:27:07 Debug: Notice (8): Undefined index: controller in [C:\wamp\www\cake_1.3.0\cake\dispatcher.php, line 121]
2011-10-03 03:27:16 Debug: Notice (8): Undefined index: action in [C:\wamp\www\cake_1.3.0\cake\dispatcher.php, line 266]
2011-10-03 03:27:16 Debug: Notice (8): Undefined index: controller in [C:\wamp\www\cake_1.3.0\cake\dispatcher.php, line 121]
2011-10-03 03:27:17 Debug: Notice (8): Undefined index: action in [C:\wamp\www\cake_1.3.0\cake\dispatcher.php, line 266]
2011-10-03 03:27:17 Debug: Notice (8): Undefined index: controller in [C:\wamp\www\cake_1.3.0\cake\dispatcher.php, line 121]
2011-10-03 03:30:22 Debug: Notice (8): Undefined index: action in [C:\wamp\www\cake_1.3.0\cake\dispatcher.php, line 266]
2011-10-03 03:30:22 Debug: Notice (8): Undefined index: controller in [C:\wamp\www\cake_1.3.0\cake\dispatcher.php, line 121]
2011-10-03 03:30:23 Debug: Notice (8): Undefined index: action in [C:\wamp\www\cake_1.3.0\cake\dispatcher.php, line 266]
2011-10-03 03:30:23 Debug: Notice (8): Undefined index: controller in [C:\wamp\www\cake_1.3.0\cake\dispatcher.php, line 121]
2011-10-03 03:30:23 Debug: Notice (8): Undefined index: action in [C:\wamp\www\cake_1.3.0\cake\dispatcher.php, line 266]
2011-10-03 03:30:23 Debug: Notice (8): Undefined index: controller in [C:\wamp\www\cake_1.3.0\cake\dispatcher.php, line 121]
2011-10-03 03:30:24 Debug: Notice (8): Undefined index: action in [C:\wamp\www\cake_1.3.0\cake\dispatcher.php, line 266]
2011-10-03 03:30:24 Debug: Notice (8): Undefined index: controller in [C:\wamp\www\cake_1.3.0\cake\dispatcher.php, line 121]
2011-10-03 03:30:25 Debug: Notice (8): Undefined index: action in [C:\wamp\www\cake_1.3.0\cake\dispatcher.php, line 266]
2011-10-03 03:30:25 Debug: Notice (8): Undefined index: controller in [C:\wamp\www\cake_1.3.0\cake\dispatcher.php, line 121]
2011-10-03 03:30:47 Debug: Notice (8): Undefined index: action in [C:\wamp\www\cake_1.3.0\cake\dispatcher.php, line 266]
2011-10-03 03:30:47 Debug: Notice (8): Undefined index: controller in [C:\wamp\www\cake_1.3.0\cake\dispatcher.php, line 121]
2011-10-03 03:30:48 Debug: Notice (8): Undefined index: action in [C:\wamp\www\cake_1.3.0\cake\dispatcher.php, line 266]
2011-10-03 03:30:48 Debug: Notice (8): Undefined index: controller in [C:\wamp\www\cake_1.3.0\cake\dispatcher.php, line 121]
2011-10-03 03:30:49 Debug: Notice (8): Undefined index: action in [C:\wamp\www\cake_1.3.0\cake\dispatcher.php, line 266]
2011-10-03 03:30:49 Debug: Notice (8): Undefined index: controller in [C:\wamp\www\cake_1.3.0\cake\dispatcher.php, line 121]
2011-10-03 03:32:07 Debug: Notice (8): Undefined index: action in [C:\wamp\www\cake_1.3.0\cake\dispatcher.php, line 266]
2011-10-03 03:32:07 Debug: Notice (8): Undefined index: controller in [C:\wamp\www\cake_1.3.0\cake\dispatcher.php, line 121]
2011-10-03 03:32:08 Debug: Notice (8): Undefined index: action in [C:\wamp\www\cake_1.3.0\cake\dispatcher.php, line 266]
2011-10-03 03:32:08 Debug: Notice (8): Undefined index: controller in [C:\wamp\www\cake_1.3.0\cake\dispatcher.php, line 121]
2011-10-03 03:32:09 Debug: Notice (8): Undefined index: action in [C:\wamp\www\cake_1.3.0\cake\dispatcher.php, line 266]
2011-10-03 03:32:09 Debug: Notice (8): Undefined index: controller in [C:\wamp\www\cake_1.3.0\cake\dispatcher.php, line 121]
2011-10-03 03:32:24 Debug: Notice (8): Undefined index: controller in [C:\wamp\www\cake_1.3.0\cake\dispatcher.php, line 121]
2011-10-03 03:34:59 Debug: Notice (8): Undefined property: UsersController::$SsL in [C:\wamp\www\qrcode\app_controller.php, line 39]
2011-10-03 03:35:18 Debug: Notice (8): Undefined property: UsersController::$SSL in [C:\wamp\www\qrcode\app_controller.php, line 39]
2011-10-03 03:38:34 Debug: Notice (8): Undefined property: UsersController::$SSL in [C:\wamp\www\qrcode\app_controller.php, line 39]
2011-10-03 03:39:43 Debug: Notice (8): Undefined property: UsersController::$SSL in [C:\wamp\www\qrcode\app_controller.php, line 39]
2011-10-03 03:39:44 Debug: Notice (8): Undefined property: UsersController::$SSL in [C:\wamp\www\qrcode\app_controller.php, line 39]
2011-10-03 03:40:13 Debug: Notice (8): Undefined property: UsersController::$SSL in [C:\wamp\www\qrcode\app_controller.php, line 39]
2011-10-03 03:40:37 Debug: Notice (8): Undefined property: UsersController::$SSL in [C:\wamp\www\qrcode\app_controller.php, line 39]
2011-10-03 03:40:38 Debug: Notice (8): Undefined property: UsersController::$SSL in [C:\wamp\www\qrcode\app_controller.php, line 39]
2011-10-11 19:41:32 Debug: Notice (8): Undefined variable: users in [C:\wamp\www\qrcode\views\faculties\index.ctp, line 82]
2011-10-11 19:43:24 Debug: Notice (8): Undefined variable: users in [C:\wamp\www\qrcode\views\faculties\index.ctp, line 80]
2011-10-11 19:43:45 Debug: Notice (8): Undefined variable: users in [C:\wamp\www\qrcode\views\faculties\index.ctp, line 81]
2011-10-12 07:03:02 Debug: Notice (8): Undefined variable: faculties in [C:\wamp\www\qrcode\views\departments\index.ctp, line 79]
2011-10-12 07:04:05 Debug: Notice (8): Undefined variable: faculties in [C:\wamp\www\qrcode\views\departments\index.ctp, line 79]
2011-10-12 07:04:50 Debug: Notice (8): Undefined variable: faculties in [C:\wamp\www\qrcode\views\departments\index.ctp, line 78]
2011-10-12 07:19:20 Debug: Notice (8): Undefined variable: departments in [C:\wamp\www\qrcode\views\laboratories\index.ctp, line 75]
2011-10-12 07:19:49 Debug: Notice (8): Undefined variable: departments in [C:\wamp\www\qrcode\views\laboratories\index.ctp, line 76]
2011-10-12 07:20:10 Debug: Notice (8): Undefined variable: departments in [C:\wamp\www\qrcode\views\laboratories\index.ctp, line 76]
2011-10-12 07:21:09 Debug: Notice (8): Undefined variable: departments in [C:\wamp\www\qrcode\views\laboratories\index.ctp, line 75]
2011-10-12 10:49:13 Debug: Notice (8): Undefined variable: laboratories in [C:\wamp\www\qrcode\views\dependences\index.ctp, line 71]
2011-10-12 10:49:14 Debug: Notice (8): Undefined variable: laboratories in [C:\wamp\www\qrcode\views\dependences\index.ctp, line 71]
2011-10-12 10:50:03 Debug: Notice (8): Undefined variable: laboratories in [C:\wamp\www\qrcode\views\dependences\index.ctp, line 71]
2011-10-12 10:50:36 Debug: Notice (8): Undefined variable: laboratories in [C:\wamp\www\qrcode\views\dependences\index.ctp, line 71]
2011-10-13 07:02:02 Debug: Notice (8): Undefined variable: i in [C:\wamp\www\qrcode\views\faculties\view.ctp, line 19]
2011-10-13 07:02:02 Debug: Notice (8): Undefined variable: class in [C:\wamp\www\qrcode\views\faculties\view.ctp, line 19]
2011-10-13 07:02:02 Debug: Notice (8): Undefined variable: i in [C:\wamp\www\qrcode\views\faculties\view.ctp, line 20]
2011-10-13 07:02:02 Debug: Notice (8): Undefined variable: class in [C:\wamp\www\qrcode\views\faculties\view.ctp, line 20]
2011-10-13 11:51:07 Debug: Notice (8): Use of undefined constant perro - assumed 'perro' in [C:\wamp\www\qrcode\views\faculties\view.ctp, line 62]
2011-10-13 17:53:10 Debug: Notice (8): Undefined variable: faculty in [C:\wamp\www\qrcode\views\departments\view.ctp, line 32]
2011-10-13 17:53:10 Debug: Notice (8): Undefined variable: faculty in [C:\wamp\www\qrcode\views\departments\view.ctp, line 40]
2011-10-13 17:53:11 Debug: Notice (8): Undefined variable: faculty in [C:\wamp\www\qrcode\views\departments\view.ctp, line 41]
2011-10-13 17:54:41 Debug: Notice (8): Undefined variable: faculty in [C:\wamp\www\qrcode\views\departments\view.ctp, line 32]
2011-10-13 17:54:41 Debug: Notice (8): Undefined variable: faculty in [C:\wamp\www\qrcode\views\departments\view.ctp, line 40]
2011-10-13 17:54:41 Debug: Notice (8): Undefined variable: faculty in [C:\wamp\www\qrcode\views\departments\view.ctp, line 41]
2011-10-13 17:55:21 Debug: Notice (8): Undefined variable: faculty in [C:\wamp\www\qrcode\views\departments\view.ctp, line 36]
2011-10-13 17:55:21 Debug: Notice (8): Undefined variable: faculty in [C:\wamp\www\qrcode\views\departments\view.ctp, line 37]
2011-10-13 17:56:34 Debug: Notice (8): Undefined variable: faculty in [C:\wamp\www\qrcode\views\departments\view.ctp, line 36]
2011-10-13 17:56:34 Debug: Notice (8): Undefined variable: faculty in [C:\wamp\www\qrcode\views\departments\view.ctp, line 37]
2011-10-13 17:56:59 Debug: Notice (8): Undefined variable: faculty in [C:\wamp\www\qrcode\views\departments\view.ctp, line 36]
2011-10-13 17:56:59 Debug: Notice (8): Undefined variable: faculty in [C:\wamp\www\qrcode\views\departments\view.ctp, line 37]
2011-10-13 17:57:46 Debug: Notice (8): Undefined variable: faculty in [C:\wamp\www\qrcode\views\departments\view.ctp, line 36]
2011-10-13 17:57:46 Debug: Notice (8): Undefined variable: faculty in [C:\wamp\www\qrcode\views\departments\view.ctp, line 37]
2011-10-13 17:57:51 Debug: Notice (8): Undefined variable: faculty in [C:\wamp\www\qrcode\views\departments\view.ctp, line 36]
2011-10-13 17:57:51 Debug: Notice (8): Undefined variable: faculty in [C:\wamp\www\qrcode\views\departments\view.ctp, line 37]
2011-10-13 17:58:19 Debug: Notice (8): Undefined variable: faculty in [C:\wamp\www\qrcode\views\departments\view.ctp, line 36]
2011-10-13 17:58:19 Debug: Notice (8): Undefined variable: faculty in [C:\wamp\www\qrcode\views\departments\view.ctp, line 37]
2011-10-13 17:58:25 Debug: Notice (8): Undefined variable: faculty in [C:\wamp\www\qrcode\views\departments\view.ctp, line 36]
2011-10-13 17:58:25 Debug: Notice (8): Undefined variable: faculty in [C:\wamp\www\qrcode\views\departments\view.ctp, line 37]
2011-10-13 17:58:28 Debug: Notice (8): Undefined variable: faculty in [C:\wamp\www\qrcode\views\departments\view.ctp, line 36]
2011-10-13 17:58:28 Debug: Notice (8): Undefined variable: faculty in [C:\wamp\www\qrcode\views\departments\view.ctp, line 37]
2011-10-13 17:58:33 Debug: Notice (8): Undefined variable: faculty in [C:\wamp\www\qrcode\views\departments\view.ctp, line 36]
2011-10-13 17:58:33 Debug: Notice (8): Undefined variable: faculty in [C:\wamp\www\qrcode\views\departments\view.ctp, line 37]
2011-10-13 17:59:25 Debug: Notice (8): Undefined variable: faculty in [C:\wamp\www\qrcode\views\departments\view.ctp, line 36]
2011-10-13 17:59:25 Debug: Notice (8): Undefined variable: faculty in [C:\wamp\www\qrcode\views\departments\view.ctp, line 37]
2011-10-13 17:59:31 Debug: Notice (8): Undefined variable: faculty in [C:\wamp\www\qrcode\views\departments\view.ctp, line 36]
2011-10-13 17:59:31 Debug: Notice (8): Undefined variable: faculty in [C:\wamp\www\qrcode\views\departments\view.ctp, line 37]
2011-10-13 18:00:22 Debug: Notice (8): Undefined variable: faculty in [C:\wamp\www\qrcode\views\departments\view.ctp, line 40]
2011-10-13 18:00:22 Debug: Notice (8): Undefined variable: faculty in [C:\wamp\www\qrcode\views\departments\view.ctp, line 41]
2011-10-13 18:00:45 Debug: Notice (8): Undefined variable: faculty in [C:\wamp\www\qrcode\views\departments\view.ctp, line 40]
2011-10-13 18:00:45 Debug: Notice (8): Undefined variable: faculty in [C:\wamp\www\qrcode\views\departments\view.ctp, line 41]
2011-10-13 18:00:47 Debug: Notice (8): Undefined variable: faculty in [C:\wamp\www\qrcode\views\departments\view.ctp, line 40]
2011-10-13 18:00:47 Debug: Notice (8): Undefined variable: faculty in [C:\wamp\www\qrcode\views\departments\view.ctp, line 41]
2011-10-13 18:01:25 Debug: Notice (8): Undefined variable: faculty in [C:\wamp\www\qrcode\views\departments\view.ctp, line 40]
2011-10-13 18:01:25 Debug: Notice (8): Undefined variable: faculty in [C:\wamp\www\qrcode\views\departments\view.ctp, line 41]
2011-10-13 18:02:15 Debug: Notice (8): Undefined variable: faculty in [C:\wamp\www\qrcode\views\departments\view.ctp, line 40]
2011-10-13 18:02:15 Debug: Notice (8): Undefined variable: faculty in [C:\wamp\www\qrcode\views\departments\view.ctp, line 41]
2011-10-15 18:50:05 Debug: Notice (8): Undefined variable: con in [C:\wamp\www\qrcode\views\faculties\index.ctp, line 122]
2011-10-15 18:52:21 Debug: Notice (8): Undefined variable: con in [C:\wamp\www\qrcode\views\faculties\index.ctp, line 128]
2011-10-15 18:52:50 Debug: Notice (8): Undefined variable: con in [C:\wamp\www\qrcode\views\faculties\index.ctp, line 131]
2011-10-15 18:53:17 Debug: Notice (8): Undefined variable: con in [C:\wamp\www\qrcode\views\faculties\index.ctp, line 131]
2011-10-15 18:54:07 Debug: Notice (8): Undefined variable: con in [C:\wamp\www\qrcode\views\faculties\index.ctp, line 131]
2011-10-15 18:54:08 Debug: Notice (8): Undefined variable: con in [C:\wamp\www\qrcode\views\faculties\index.ctp, line 131]
2011-10-15 18:54:45 Debug: Notice (8): Undefined variable: con in [C:\wamp\www\qrcode\views\faculties\index.ctp, line 138]
2011-10-16 07:07:51 Debug: Notice (8): Undefined variable: faculties in [C:\wamp\www\qrcode\views\users\index.ctp, line 62]
2011-10-16 07:09:16 Debug: Notice (8): Undefined variable: faculties in [C:\wamp\www\qrcode\views\users\index.ctp, line 62]
2011-10-16 07:09:45 Debug: Notice (8): Undefined variable: faculties in [C:\wamp\www\qrcode\views\users\index.ctp, line 63]
2011-10-16 07:14:49 Debug: Notice (8): Undefined variable: faculty in [C:\wamp\www\qrcode\views\users\index.ctp, line 73]
2011-10-16 07:14:49 Debug: Notice (8): Undefined variable: faculty in [C:\wamp\www\qrcode\views\users\index.ctp, line 74]
2011-10-16 07:14:49 Debug: Notice (8): Undefined variable: faculty in [C:\wamp\www\qrcode\views\users\index.ctp, line 75]
2011-10-16 07:15:57 Debug: Notice (8): Undefined variable: faculty in [C:\wamp\www\qrcode\views\users\index.ctp, line 73]
2011-10-16 07:15:57 Debug: Notice (8): Undefined variable: faculty in [C:\wamp\www\qrcode\views\users\index.ctp, line 74]
2011-10-16 07:15:57 Debug: Notice (8): Undefined variable: faculty in [C:\wamp\www\qrcode\views\users\index.ctp, line 75]
2011-10-16 07:15:59 Debug: Notice (8): Undefined variable: faculty in [C:\wamp\www\qrcode\views\users\index.ctp, line 73]
2011-10-16 07:15:59 Debug: Notice (8): Undefined variable: faculty in [C:\wamp\www\qrcode\views\users\index.ctp, line 74]
2011-10-16 07:15:59 Debug: Notice (8): Undefined variable: faculty in [C:\wamp\www\qrcode\views\users\index.ctp, line 75]
2011-10-16 07:16:29 Debug: Notice (8): Undefined variable: faculty in [C:\wamp\www\qrcode\views\users\index.ctp, line 73]
2011-10-16 07:16:29 Debug: Notice (8): Undefined variable: faculty in [C:\wamp\www\qrcode\views\users\index.ctp, line 74]
2011-10-16 07:16:29 Debug: Notice (8): Undefined variable: faculty in [C:\wamp\www\qrcode\views\users\index.ctp, line 75]
2011-10-16 07:17:43 Debug: Notice (8): Undefined variable: faculty in [C:\wamp\www\qrcode\views\users\index.ctp, line 73]
2011-10-16 07:17:43 Debug: Notice (8): Undefined variable: faculty in [C:\wamp\www\qrcode\views\users\index.ctp, line 74]
2011-10-16 07:17:43 Debug: Notice (8): Undefined variable: faculty in [C:\wamp\www\qrcode\views\users\index.ctp, line 75]
2011-10-16 07:17:46 Debug: Notice (8): Undefined variable: faculty in [C:\wamp\www\qrcode\views\users\index.ctp, line 73]
2011-10-16 07:17:46 Debug: Notice (8): Undefined variable: faculty in [C:\wamp\www\qrcode\views\users\index.ctp, line 74]
2011-10-16 07:17:46 Debug: Notice (8): Undefined variable: faculty in [C:\wamp\www\qrcode\views\users\index.ctp, line 75]
2011-10-16 07:33:16 Debug: Notice (8): Undefined variable: faculties in [C:\wamp\www\qrcode\views\departments\index.ctp, line 115]
2011-10-16 07:37:32 Debug: Notice (8): Undefined index: decano in [C:\wamp\www\qrcode\views\departments\index.ctp, line 120]
2011-10-16 07:37:32 Debug: Notice (8): Undefined variable: faculty in [C:\wamp\www\qrcode\views\departments\index.ctp, line 126]
2011-10-16 07:37:55 Debug: Notice (8): Undefined index: decano in [C:\wamp\www\qrcode\views\departments\index.ctp, line 120]
2011-10-16 07:52:53 Debug: Notice (8): Undefined variable: departments in [C:\wamp\www\qrcode\views\dependences\index.ctp, line 104]
2011-10-16 07:53:13 Debug: Notice (8): Undefined variable: departments in [C:\wamp\www\qrcode\views\dependences\index.ctp, line 104]
2011-10-16 07:53:15 Debug: Notice (8): Undefined variable: departments in [C:\wamp\www\qrcode\views\dependences\index.ctp, line 104]
2011-10-16 07:55:15 Debug: Notice (8): Undefined variable: department in [C:\wamp\www\qrcode\views\dependences\index.ctp, line 106]
2011-10-16 07:55:15 Debug: Notice (8): Undefined variable: department in [C:\wamp\www\qrcode\views\dependences\index.ctp, line 107]
2011-10-16 07:55:15 Debug: Notice (8): Undefined variable: department in [C:\wamp\www\qrcode\views\dependences\index.ctp, line 108]
2011-10-16 07:55:15 Debug: Notice (8): Undefined variable: department in [C:\wamp\www\qrcode\views\dependences\index.ctp, line 109]
2011-10-16 07:55:15 Debug: Notice (8): Undefined variable: department in [C:\wamp\www\qrcode\views\dependences\index.ctp, line 110]
2011-10-16 07:55:15 Debug: Notice (8): Undefined variable: department in [C:\wamp\www\qrcode\views\dependences\index.ctp, line 111]
2011-10-16 07:55:15 Debug: Notice (8): Undefined variable: department in [C:\wamp\www\qrcode\views\dependences\index.ctp, line 113]
2011-10-16 07:55:15 Debug: Notice (8): Undefined variable: department in [C:\wamp\www\qrcode\views\dependences\index.ctp, line 114]
2011-10-16 07:55:15 Debug: Notice (8): Undefined variable: department in [C:\wamp\www\qrcode\views\dependences\index.ctp, line 115]
2011-10-16 07:55:53 Debug: Notice (8): Undefined variable: department in [C:\wamp\www\qrcode\views\dependences\index.ctp, line 105]
2011-10-16 07:55:53 Debug: Notice (8): Undefined variable: department in [C:\wamp\www\qrcode\views\dependences\index.ctp, line 106]
2011-10-16 07:55:53 Debug: Notice (8): Undefined variable: department in [C:\wamp\www\qrcode\views\dependences\index.ctp, line 107]
2011-10-16 07:55:53 Debug: Notice (8): Undefined variable: department in [C:\wamp\www\qrcode\views\dependences\index.ctp, line 108]
2011-10-16 07:55:53 Debug: Notice (8): Undefined variable: department in [C:\wamp\www\qrcode\views\dependences\index.ctp, line 109]
2011-10-16 07:55:53 Debug: Notice (8): Undefined variable: department in [C:\wamp\www\qrcode\views\dependences\index.ctp, line 110]
2011-10-16 07:55:53 Debug: Notice (8): Undefined variable: department in [C:\wamp\www\qrcode\views\dependences\index.ctp, line 112]
2011-10-16 07:55:53 Debug: Notice (8): Undefined variable: department in [C:\wamp\www\qrcode\views\dependences\index.ctp, line 113]
2011-10-16 07:55:53 Debug: Notice (8): Undefined variable: department in [C:\wamp\www\qrcode\views\dependences\index.ctp, line 114]
2011-10-16 07:56:23 Debug: Notice (8): Undefined variable: department in [C:\wamp\www\qrcode\views\dependences\index.ctp, line 105]
2011-10-16 07:56:23 Debug: Notice (8): Undefined variable: department in [C:\wamp\www\qrcode\views\dependences\index.ctp, line 106]
2011-10-16 07:56:23 Debug: Notice (8): Undefined variable: department in [C:\wamp\www\qrcode\views\dependences\index.ctp, line 107]
2011-10-16 07:56:23 Debug: Notice (8): Undefined variable: department in [C:\wamp\www\qrcode\views\dependences\index.ctp, line 108]
2011-10-16 07:56:23 Debug: Notice (8): Undefined variable: department in [C:\wamp\www\qrcode\views\dependences\index.ctp, line 110]
2011-10-16 07:56:23 Debug: Notice (8): Undefined variable: department in [C:\wamp\www\qrcode\views\dependences\index.ctp, line 111]
2011-10-16 07:56:23 Debug: Notice (8): Undefined variable: department in [C:\wamp\www\qrcode\views\dependences\index.ctp, line 112]
2011-10-16 07:58:07 Debug: Notice (8): Undefined index: Department in [C:\wamp\www\qrcode\views\dependences\index.ctp, line 108]
2011-10-16 07:58:35 Debug: Notice (8): Undefined index: Department in [C:\wamp\www\qrcode\views\dependences\index.ctp, line 108]
2011-10-16 07:58:38 Debug: Notice (8): Undefined index: Department in [C:\wamp\www\qrcode\views\dependences\index.ctp, line 108]
2011-10-16 08:07:10 Debug: Notice (8): Undefined variable: dependences in [C:\wamp\www\qrcode\views\laboratories\index.ctp, line 111]
2011-10-16 08:08:40 Debug: Notice (8): Undefined variable: dependence in [C:\wamp\www\qrcode\views\laboratories\index.ctp, line 116]
2011-10-16 08:08:40 Debug: Notice (8): Undefined variable: dependence in [C:\wamp\www\qrcode\views\laboratories\index.ctp, line 118]
2011-10-16 08:08:40 Debug: Notice (8): Undefined variable: dependence in [C:\wamp\www\qrcode\views\laboratories\index.ctp, line 119]
2011-10-16 08:08:40 Debug: Notice (8): Undefined variable: dependence in [C:\wamp\www\qrcode\views\laboratories\index.ctp, line 120]
2011-10-16 08:09:17 Debug: Notice (8): Undefined variable: dependence in [C:\wamp\www\qrcode\views\laboratories\index.ctp, line 116]
2011-10-16 08:09:17 Debug: Notice (8): Undefined variable: dependence in [C:\wamp\www\qrcode\views\laboratories\index.ctp, line 118]
2011-10-16 08:09:17 Debug: Notice (8): Undefined variable: dependence in [C:\wamp\www\qrcode\views\laboratories\index.ctp, line 119]
2011-10-16 08:09:17 Debug: Notice (8): Undefined variable: dependence in [C:\wamp\www\qrcode\views\laboratories\index.ctp, line 120]
2011-10-16 08:09:42 Debug: Notice (8): Undefined variable: dependence in [C:\wamp\www\qrcode\views\laboratories\index.ctp, line 116]
2011-10-16 08:09:42 Debug: Notice (8): Undefined variable: dependence in [C:\wamp\www\qrcode\views\laboratories\index.ctp, line 118]
2011-10-16 08:09:42 Debug: Notice (8): Undefined variable: dependence in [C:\wamp\www\qrcode\views\laboratories\index.ctp, line 119]
2011-10-16 08:09:42 Debug: Notice (8): Undefined variable: dependence in [C:\wamp\www\qrcode\views\laboratories\index.ctp, line 120]
2011-10-16 08:09:44 Debug: Notice (8): Undefined variable: dependence in [C:\wamp\www\qrcode\views\laboratories\index.ctp, line 116]
2011-10-16 08:09:44 Debug: Notice (8): Undefined variable: dependence in [C:\wamp\www\qrcode\views\laboratories\index.ctp, line 118]
2011-10-16 08:09:44 Debug: Notice (8): Undefined variable: dependence in [C:\wamp\www\qrcode\views\laboratories\index.ctp, line 119]
2011-10-16 08:09:44 Debug: Notice (8): Undefined variable: dependence in [C:\wamp\www\qrcode\views\laboratories\index.ctp, line 120]
2011-10-16 08:09:50 Debug: Notice (8): Undefined variable: dependence in [C:\wamp\www\qrcode\views\laboratories\index.ctp, line 118]
2011-10-16 08:09:50 Debug: Notice (8): Undefined variable: dependence in [C:\wamp\www\qrcode\views\laboratories\index.ctp, line 119]
2011-10-16 08:09:50 Debug: Notice (8): Undefined variable: dependence in [C:\wamp\www\qrcode\views\laboratories\index.ctp, line 120]
2011-10-16 08:09:51 Debug: Notice (8): Undefined variable: dependence in [C:\wamp\www\qrcode\views\laboratories\index.ctp, line 118]
2011-10-16 08:09:51 Debug: Notice (8): Undefined variable: dependence in [C:\wamp\www\qrcode\views\laboratories\index.ctp, line 119]
2011-10-16 08:09:51 Debug: Notice (8): Undefined variable: dependence in [C:\wamp\www\qrcode\views\laboratories\index.ctp, line 120]
2011-10-16 08:10:08 Debug: Notice (8): Undefined variable: dependence in [C:\wamp\www\qrcode\views\laboratories\index.ctp, line 118]
2011-10-16 08:10:08 Debug: Notice (8): Undefined variable: dependence in [C:\wamp\www\qrcode\views\laboratories\index.ctp, line 119]
2011-10-16 08:10:08 Debug: Notice (8): Undefined variable: dependence in [C:\wamp\www\qrcode\views\laboratories\index.ctp, line 120]
2011-10-25 17:45:10 Debug: Notice (8): Undefined variable: faculty in [C:\wamp\www\qrcode\views\dependences\view.ctp, line 55]
2011-10-25 17:45:10 Debug: Notice (8): Undefined variable: faculty in [C:\wamp\www\qrcode\views\dependences\view.ctp, line 64]
2011-10-25 17:45:10 Debug: Notice (8): Undefined variable: faculty in [C:\wamp\www\qrcode\views\dependences\view.ctp, line 65]
2011-10-25 17:47:08 Debug: Notice (8): Undefined variable: faculty in [C:\wamp\www\qrcode\views\dependences\view.ctp, line 64]
2011-10-25 17:47:08 Debug: Notice (8): Undefined variable: faculty in [C:\wamp\www\qrcode\views\dependences\view.ctp, line 65]
2011-10-25 17:47:47 Debug: Notice (8): Undefined variable: faculty in [C:\wamp\www\qrcode\views\dependences\view.ctp, line 64]
2011-10-25 17:47:47 Debug: Notice (8): Undefined variable: faculty in [C:\wamp\www\qrcode\views\dependences\view.ctp, line 65]
2011-10-25 17:48:28 Debug: Notice (8): Undefined variable: faculty in [C:\wamp\www\qrcode\views\dependences\view.ctp, line 64]
2011-10-25 17:48:29 Debug: Notice (8): Undefined variable: faculty in [C:\wamp\www\qrcode\views\dependences\view.ctp, line 65]
2011-10-25 17:48:53 Debug: Notice (8): Undefined variable: faculty in [C:\wamp\www\qrcode\views\dependences\view.ctp, line 64]
2011-10-25 17:48:53 Debug: Notice (8): Undefined variable: faculty in [C:\wamp\www\qrcode\views\dependences\view.ctp, line 65]
2011-10-25 17:49:17 Debug: Notice (8): Undefined variable: faculty in [C:\wamp\www\qrcode\views\dependences\view.ctp, line 64]
2011-10-25 17:49:17 Debug: Notice (8): Undefined variable: faculty in [C:\wamp\www\qrcode\views\dependences\view.ctp, line 65]
2011-10-25 17:50:47 Debug: Notice (8): Undefined variable: faculty in [C:\wamp\www\qrcode\views\dependences\view.ctp, line 64]
2011-10-25 17:50:47 Debug: Notice (8): Undefined variable: faculty in [C:\wamp\www\qrcode\views\dependences\view.ctp, line 65]
2011-10-25 17:50:53 Debug: Notice (8): Undefined variable: faculty in [C:\wamp\www\qrcode\views\dependences\view.ctp, line 64]
2011-10-25 17:50:53 Debug: Notice (8): Undefined variable: faculty in [C:\wamp\www\qrcode\views\dependences\view.ctp, line 65]
2011-10-25 17:58:46 Debug: Notice (8): Undefined variable: users in [C:\wamp\www\qrcode\views\users\view.ctp, line 77]
2011-11-06 08:00:19 Debug: Notice (8): Undefined index: action in [C:\wamp\www\qrcode\cake\dispatcher.php, line 266]
2011-11-06 08:00:19 Debug: Notice (8): Undefined index: controller in [C:\wamp\www\qrcode\cake\dispatcher.php, line 121]
2011-11-06 08:00:48 Debug: Notice (8): Undefined index: action in [C:\wamp\www\qrcode\cake\dispatcher.php, line 266]
2011-11-06 08:00:48 Debug: Notice (8): Undefined index: controller in [C:\wamp\www\qrcode\cake\dispatcher.php, line 121]
2011-11-06 08:01:35 Debug: Notice (8): Undefined index: action in [C:\wamp\www\qrcode\cake\dispatcher.php, line 266]
2011-11-06 08:01:35 Debug: Notice (8): Undefined index: controller in [C:\wamp\www\qrcode\cake\dispatcher.php, line 121]
2011-11-06 10:13:31 Debug: Notice (8): Undefined property: View::$form in [C:\wamp\www\qrcode\views\users\login.ctp, line 21]
2011-11-06 10:13:43 Debug: Notice (8): Undefined property: View::$form in [C:\wamp\www\qrcode\views\users\login.ctp, line 21]
2012-03-22 02:49:49 Debug: Notice (8): Undefined property: LaboratoriesController::$Department in [C:\xampp\htdocs\qr\qrcode\controllers\laboratories_controller.php, line 28]
2012-04-23 05:32:11 Debug: Notice (8): Undefined variable: department in [C:\wamp\www\qrcode\views\laboratories\view.ctp, line 48]
2012-04-23 05:32:11 Debug: Notice (8): Undefined variable: department in [C:\wamp\www\qrcode\views\laboratories\view.ctp, line 52]
2012-04-23 05:32:11 Debug: Notice (8): Undefined variable: department in [C:\wamp\www\qrcode\views\laboratories\view.ctp, line 56]
2012-04-23 05:32:11 Debug: Notice (8): Undefined variable: department in [C:\wamp\www\qrcode\views\laboratories\view.ctp, line 60]
2012-04-23 05:32:11 Debug: Notice (8): Undefined variable: department in [C:\wamp\www\qrcode\views\laboratories\view.ctp, line 64]
2012-04-23 05:32:12 Debug: Notice (8): Undefined variable: department in [C:\wamp\www\qrcode\views\laboratories\view.ctp, line 68]
2012-04-23 05:32:12 Debug: Notice (8): Undefined variable: department in [C:\wamp\www\qrcode\views\laboratories\view.ctp, line 72]
2012-04-23 05:33:01 Debug: Notice (8): Undefined variable: department in [C:\wamp\www\qrcode\views\laboratories\view.ctp, line 83]
2012-04-23 05:33:01 Debug: Notice (8): Undefined variable: department in [C:\wamp\www\qrcode\views\laboratories\view.ctp, line 87]
2012-04-23 05:33:01 Debug: Notice (8): Undefined variable: department in [C:\wamp\www\qrcode\views\laboratories\view.ctp, line 91]
2012-04-23 05:33:01 Debug: Notice (8): Undefined variable: department in [C:\wamp\www\qrcode\views\laboratories\view.ctp, line 95]
2012-04-23 05:33:01 Debug: Notice (8): Undefined variable: department in [C:\wamp\www\qrcode\views\laboratories\view.ctp, line 99]
2012-04-23 05:33:01 Debug: Notice (8): Undefined variable: department in [C:\wamp\www\qrcode\views\laboratories\view.ctp, line 103]
2012-04-23 05:33:01 Debug: Notice (8): Undefined variable: department in [C:\wamp\www\qrcode\views\laboratories\view.ctp, line 107]
2012-04-23 05:35:11 Debug: Notice (8): Undefined variable: department in [C:\wamp\www\qrcode\views\laboratories\view.ctp, line 80]
2012-04-23 05:35:11 Debug: Notice (8): Undefined variable: department in [C:\wamp\www\qrcode\views\laboratories\view.ctp, line 84]
2012-04-23 05:35:11 Debug: Notice (8): Undefined variable: department in [C:\wamp\www\qrcode\views\laboratories\view.ctp, line 88]
2012-04-23 05:35:11 Debug: Notice (8): Undefined variable: department in [C:\wamp\www\qrcode\views\laboratories\view.ctp, line 92]
2012-04-23 05:35:11 Debug: Notice (8): Undefined variable: department in [C:\wamp\www\qrcode\views\laboratories\view.ctp, line 96]
2012-04-23 05:35:11 Debug: Notice (8): Undefined variable: department in [C:\wamp\www\qrcode\views\laboratories\view.ctp, line 100]
2012-04-23 05:35:11 Debug: Notice (8): Undefined variable: department in [C:\wamp\www\qrcode\views\laboratories\view.ctp, line 104]
2012-04-23 05:43:49 Debug: Notice (8): Undefined variable: department in [C:\wamp\www\qrcode\views\laboratories\view.ctp, line 77]
2012-04-23 05:43:49 Debug: Notice (8): Undefined variable: department in [C:\wamp\www\qrcode\views\laboratories\view.ctp, line 81]
2012-04-23 05:43:49 Debug: Notice (8): Undefined variable: department in [C:\wamp\www\qrcode\views\laboratories\view.ctp, line 85]
2012-04-23 05:43:49 Debug: Notice (8): Undefined variable: department in [C:\wamp\www\qrcode\views\laboratories\view.ctp, line 89]
2012-04-23 05:43:49 Debug: Notice (8): Undefined variable: department in [C:\wamp\www\qrcode\views\laboratories\view.ctp, line 93]
2012-04-23 05:43:49 Debug: Notice (8): Undefined variable: department in [C:\wamp\www\qrcode\views\laboratories\view.ctp, line 97]
2012-04-23 05:43:49 Debug: Notice (8): Undefined variable: department in [C:\wamp\www\qrcode\views\laboratories\view.ctp, line 101]
2012-04-23 05:45:12 Debug: Notice (8): Undefined variable: department in [C:\wamp\www\qrcode\views\laboratories\view.ctp, line 77]
2012-04-23 05:45:12 Debug: Notice (8): Undefined variable: department in [C:\wamp\www\qrcode\views\laboratories\view.ctp, line 81]
2012-04-23 05:45:12 Debug: Notice (8): Undefined variable: department in [C:\wamp\www\qrcode\views\laboratories\view.ctp, line 85]
2012-04-23 05:45:12 Debug: Notice (8): Undefined variable: department in [C:\wamp\www\qrcode\views\laboratories\view.ctp, line 89]
2012-04-23 05:45:12 Debug: Notice (8): Undefined variable: department in [C:\wamp\www\qrcode\views\laboratories\view.ctp, line 93]
2012-04-23 05:45:12 Debug: Notice (8): Undefined variable: department in [C:\wamp\www\qrcode\views\laboratories\view.ctp, line 97]
2012-04-23 05:45:12 Debug: Notice (8): Undefined variable: department in [C:\wamp\www\qrcode\views\laboratories\view.ctp, line 101]
2012-04-23 05:46:14 Debug: Notice (8): Undefined variable: department in [C:\wamp\www\qrcode\views\laboratories\view.ctp, line 74]
2012-04-23 05:46:14 Debug: Notice (8): Undefined variable: department in [C:\wamp\www\qrcode\views\laboratories\view.ctp, line 78]
2012-04-23 05:46:14 Debug: Notice (8): Undefined variable: department in [C:\wamp\www\qrcode\views\laboratories\view.ctp, line 82]
2012-04-23 05:46:14 Debug: Notice (8): Undefined variable: department in [C:\wamp\www\qrcode\views\laboratories\view.ctp, line 86]
2012-04-23 05:46:14 Debug: Notice (8): Undefined variable: department in [C:\wamp\www\qrcode\views\laboratories\view.ctp, line 90]
2012-04-23 05:46:14 Debug: Notice (8): Undefined variable: department in [C:\wamp\www\qrcode\views\laboratories\view.ctp, line 94]
2012-04-23 05:46:14 Debug: Notice (8): Undefined variable: department in [C:\wamp\www\qrcode\views\laboratories\view.ctp, line 98]
2012-05-01 06:53:24 Debug: Notice (8): Undefined property: View::$form in [C:\wamp\www\qrcode\views\users\login.ctp, line 74]
2012-05-01 06:53:29 Debug: Notice (8): Undefined property: View::$form in [C:\wamp\www\qrcode\views\users\login.ctp, line 74]
2012-05-01 06:53:48 Debug: Notice (8): Undefined property: View::$form in [C:\wamp\www\qrcode\views\users\login.ctp, line 74]
2012-05-01 06:53:51 Debug: Notice (8): Undefined property: View::$form in [C:\wamp\www\qrcode\views\users\login.ctp, line 74]
2012-05-01 06:54:08 Debug: Notice (8): Undefined property: View::$form in [C:\wamp\www\qrcode\views\users\login.ctp, line 74]
2012-05-01 06:54:45 Debug: Notice (8): Undefined property: View::$form in [C:\wamp\www\qrcode\views\users\login.ctp, line 68]
2012-05-29 16:48:38 Debug: Notice (8): Undefined index: dependence in [C:\xampp\htdocs\proy\qrcode\controllers\dependences_controller.php, line 32]
2012-05-29 16:48:38 Debug: Notice (8): Undefined variable: dependence in [C:\xampp\htdocs\proy\qrcode\views\dependences\view2.ctp, line 6]
2012-05-29 16:48:38 Debug: Notice (8): Undefined variable: dependence in [C:\xampp\htdocs\proy\qrcode\views\dependences\view2.ctp, line 11]
2012-05-29 16:48:38 Debug: Notice (8): Undefined variable: dependence in [C:\xampp\htdocs\proy\qrcode\views\dependences\view2.ctp, line 16]
2012-05-29 16:48:38 Debug: Notice (8): Undefined variable: dependence in [C:\xampp\htdocs\proy\qrcode\views\dependences\view2.ctp, line 24]
2012-05-29 16:48:38 Debug: Notice (8): Undefined variable: dependence in [C:\xampp\htdocs\proy\qrcode\views\dependences\view2.ctp, line 29]
2012-05-29 16:48:38 Debug: Notice (8): Undefined variable: dependence in [C:\xampp\htdocs\proy\qrcode\views\dependences\view2.ctp, line 36]
2012-05-29 16:48:38 Debug: Notice (8): Undefined variable: dependence in [C:\xampp\htdocs\proy\qrcode\views\dependences\view2.ctp, line 38]
2012-05-29 16:50:17 Debug: Notice (8): Undefined index: dependence in [C:\xampp\htdocs\proy\qrcode\controllers\dependences_controller.php, line 32]
2012-06-16 11:54:32 Debug: Notice (8): Undefined index: 0 in [C:\wamp\www\qrcode\controllers\laboratories_controller.php, line 33]
2012-06-16 11:54:32 Debug: Notice (8): Undefined index: 0 in [C:\wamp\www\qrcode\controllers\laboratories_controller.php, line 33]
