2011-09-27 15:32:37 Warning: Warning (2): session_regenerate_id() [<a href='http://php.net/function.session-regenerate-id'>function.session-regenerate-id</a>]: Session object destruction failed in [C:\wamp\www\cake_1.3.0\cake\libs\cake_session.php, line 647]
2011-09-27 20:19:57 Warning: Warning (512): <span style="color:Red;text-align:left"><b>SQL Error:</b> 1064: You have an error in your SQL syntax; check the manual that corresponds to your MySQL server version for the right syntax to use near 'and password=' at line 1</span> in [C:\wamp\www\cake_1.3.0\cake\libs\model\datasources\dbo_source.php, line 666]
2011-09-27 20:20:00 Warning: Warning (512): <span style="color:Red;text-align:left"><b>SQL Error:</b> 1064: You have an error in your SQL syntax; check the manual that corresponds to your MySQL server version for the right syntax to use near 'and password=' at line 1</span> in [C:\wamp\www\cake_1.3.0\cake\libs\model\datasources\dbo_source.php, line 666]
2011-09-27 20:20:07 Warning: Warning (512): <span style="color:Red;text-align:left"><b>SQL Error:</b> 1064: You have an error in your SQL syntax; check the manual that corresponds to your MySQL server version for the right syntax to use near 'and password=' at line 1</span> in [C:\wamp\www\cake_1.3.0\cake\libs\model\datasources\dbo_source.php, line 666]
2011-09-27 20:20:43 Warning: Warning (512): <span style="color:Red;text-align:left"><b>SQL Error:</b> 1064: You have an error in your SQL syntax; check the manual that corresponds to your MySQL server version for the right syntax to use near 'and password=' at line 1</span> in [C:\wamp\www\cake_1.3.0\cake\libs\model\datasources\dbo_source.php, line 666]
2011-09-27 20:20:48 Warning: Warning (512): <span style="color:Red;text-align:left"><b>SQL Error:</b> 1064: You have an error in your SQL syntax; check the manual that corresponds to your MySQL server version for the right syntax to use near 'and password=' at line 1</span> in [C:\wamp\www\cake_1.3.0\cake\libs\model\datasources\dbo_source.php, line 666]
2011-09-27 20:21:19 Warning: Warning (512): <span style="color:Red;text-align:left"><b>SQL Error:</b> 1064: You have an error in your SQL syntax; check the manual that corresponds to your MySQL server version for the right syntax to use near 'and password=' at line 1</span> in [C:\wamp\www\cake_1.3.0\cake\libs\model\datasources\dbo_source.php, line 666]
2011-09-27 20:21:34 Warning: Warning (512): <span style="color:Red;text-align:left"><b>SQL Error:</b> 1064: You have an error in your SQL syntax; check the manual that corresponds to your MySQL server version for the right syntax to use near 'and password=' at line 1</span> in [C:\wamp\www\cake_1.3.0\cake\libs\model\datasources\dbo_source.php, line 666]
2011-09-27 20:21:45 Warning: Warning (512): <span style="color:Red;text-align:left"><b>SQL Error:</b> 1064: You have an error in your SQL syntax; check the manual that corresponds to your MySQL server version for the right syntax to use near 'and password=' at line 1</span> in [C:\wamp\www\cake_1.3.0\cake\libs\model\datasources\dbo_source.php, line 666]
2011-09-27 20:21:49 Warning: Warning (512): <span style="color:Red;text-align:left"><b>SQL Error:</b> 1064: You have an error in your SQL syntax; check the manual that corresponds to your MySQL server version for the right syntax to use near 'and password=' at line 1</span> in [C:\wamp\www\cake_1.3.0\cake\libs\model\datasources\dbo_source.php, line 666]
2011-09-27 20:25:04 Warning: Warning (512): <span style="color:Red;text-align:left"><b>SQL Error:</b> 1064: You have an error in your SQL syntax; check the manual that corresponds to your MySQL server version for the right syntax to use near 'and password=' at line 1</span> in [C:\wamp\www\cake_1.3.0\cake\libs\model\datasources\dbo_source.php, line 666]
2011-09-28 15:05:13 Warning: Warning (2): session_regenerate_id() [<a href='http://php.net/function.session-regenerate-id'>function.session-regenerate-id</a>]: Session object destruction failed in [C:\wamp\www\cake_1.3.0\cake\libs\cake_session.php, line 647]
2011-09-29 16:09:33 Warning: Warning (512): <span style="color:Red;text-align:left"><b>SQL Error:</b> 1052: Column 'nombre' in where clause is ambiguous</span> in [C:\wamp\www\cake_1.3.0\cake\libs\model\datasources\dbo_source.php, line 666]
2011-09-29 16:09:33 Warning: Warning (512): <span style="color:Red;text-align:left"><b>SQL Error:</b> 1052: Column 'nombre' in where clause is ambiguous</span> in [C:\wamp\www\cake_1.3.0\cake\libs\model\datasources\dbo_source.php, line 666]
2011-09-29 16:09:35 Warning: Warning (512): <span style="color:Red;text-align:left"><b>SQL Error:</b> 1052: Column 'nombre' in where clause is ambiguous</span> in [C:\wamp\www\cake_1.3.0\cake\libs\model\datasources\dbo_source.php, line 666]
2011-09-29 16:09:35 Warning: Warning (512): <span style="color:Red;text-align:left"><b>SQL Error:</b> 1052: Column 'nombre' in where clause is ambiguous</span> in [C:\wamp\www\cake_1.3.0\cake\libs\model\datasources\dbo_source.php, line 666]
2011-09-29 16:09:35 Warning: Warning (512): <span style="color:Red;text-align:left"><b>SQL Error:</b> 1052: Column 'nombre' in where clause is ambiguous</span> in [C:\wamp\www\cake_1.3.0\cake\libs\model\datasources\dbo_source.php, line 666]
2011-09-29 16:09:36 Warning: Warning (512): <span style="color:Red;text-align:left"><b>SQL Error:</b> 1052: Column 'nombre' in where clause is ambiguous</span> in [C:\wamp\www\cake_1.3.0\cake\libs\model\datasources\dbo_source.php, line 666]
2011-09-29 16:09:36 Warning: Warning (512): <span style="color:Red;text-align:left"><b>SQL Error:</b> 1052: Column 'nombre' in where clause is ambiguous</span> in [C:\wamp\www\cake_1.3.0\cake\libs\model\datasources\dbo_source.php, line 666]
2011-09-29 16:09:37 Warning: Warning (512): <span style="color:Red;text-align:left"><b>SQL Error:</b> 1052: Column 'nombre' in where clause is ambiguous</span> in [C:\wamp\www\cake_1.3.0\cake\libs\model\datasources\dbo_source.php, line 666]
2011-09-29 16:09:37 Warning: Warning (512): <span style="color:Red;text-align:left"><b>SQL Error:</b> 1052: Column 'nombre' in where clause is ambiguous</span> in [C:\wamp\www\cake_1.3.0\cake\libs\model\datasources\dbo_source.php, line 666]
2011-09-29 16:09:37 Warning: Warning (512): <span style="color:Red;text-align:left"><b>SQL Error:</b> 1052: Column 'nombre' in where clause is ambiguous</span> in [C:\wamp\www\cake_1.3.0\cake\libs\model\datasources\dbo_source.php, line 666]
2011-09-29 16:09:38 Warning: Warning (512): <span style="color:Red;text-align:left"><b>SQL Error:</b> 1052: Column 'nombre' in where clause is ambiguous</span> in [C:\wamp\www\cake_1.3.0\cake\libs\model\datasources\dbo_source.php, line 666]
2011-09-29 16:09:38 Warning: Warning (512): <span style="color:Red;text-align:left"><b>SQL Error:</b> 1052: Column 'nombre' in where clause is ambiguous</span> in [C:\wamp\www\cake_1.3.0\cake\libs\model\datasources\dbo_source.php, line 666]
2011-09-29 16:09:39 Warning: Warning (512): <span style="color:Red;text-align:left"><b>SQL Error:</b> 1052: Column 'nombre' in where clause is ambiguous</span> in [C:\wamp\www\cake_1.3.0\cake\libs\model\datasources\dbo_source.php, line 666]
2011-09-29 16:09:39 Warning: Warning (512): <span style="color:Red;text-align:left"><b>SQL Error:</b> 1052: Column 'nombre' in where clause is ambiguous</span> in [C:\wamp\www\cake_1.3.0\cake\libs\model\datasources\dbo_source.php, line 666]
2011-09-29 16:10:13 Warning: Warning (512): <span style="color:Red;text-align:left"><b>SQL Error:</b> 1052: Column 'nombre' in where clause is ambiguous</span> in [C:\wamp\www\cake_1.3.0\cake\libs\model\datasources\dbo_source.php, line 666]
2011-09-29 16:10:13 Warning: Warning (512): <span style="color:Red;text-align:left"><b>SQL Error:</b> 1052: Column 'nombre' in where clause is ambiguous</span> in [C:\wamp\www\cake_1.3.0\cake\libs\model\datasources\dbo_source.php, line 666]
2011-09-29 16:10:14 Warning: Warning (512): <span style="color:Red;text-align:left"><b>SQL Error:</b> 1052: Column 'nombre' in where clause is ambiguous</span> in [C:\wamp\www\cake_1.3.0\cake\libs\model\datasources\dbo_source.php, line 666]
2011-09-29 16:10:25 Warning: Warning (512): <span style="color:Red;text-align:left"><b>SQL Error:</b> 1052: Column 'nombre' in where clause is ambiguous</span> in [C:\wamp\www\cake_1.3.0\cake\libs\model\datasources\dbo_source.php, line 666]
2011-09-30 02:21:21 Warning: Warning (512): <span style="color:Red;text-align:left"><b>SQL Error:</b> 1054: Unknown column 'faculties.nombre' in 'where clause'</span> in [C:\wamp\www\cake_1.3.0\cake\libs\model\datasources\dbo_source.php, line 666]
2011-10-02 22:29:58 Warning: Warning (2): session_regenerate_id() [<a href='http://php.net/function.session-regenerate-id'>function.session-regenerate-id</a>]: Session object destruction failed in [C:\wamp\www\cake_1.3.0\cake\libs\cake_session.php, line 647]
2011-10-03 03:32:24 Warning: Warning (2): preg_quote() expects parameter 1 to be string, array given in [C:\wamp\www\cake_1.3.0\cake\libs\router.php, line 1353]
2011-10-03 03:32:24 Warning: Warning (2): preg_match_all() expects parameter 2 to be string, array given in [C:\wamp\www\cake_1.3.0\cake\libs\router.php, line 1355]
2011-10-03 03:32:24 Warning: Warning (2): Invalid argument supplied for foreach() in [C:\wamp\www\cake_1.3.0\cake\libs\router.php, line 1356]
2011-10-03 03:32:24 Warning: Warning (2): preg_match() expects parameter 2 to be string, array given in [C:\wamp\www\cake_1.3.0\cake\libs\router.php, line 1374]
2011-10-03 21:04:46 Warning: Warning (2): session_regenerate_id() [<a href='http://php.net/function.session-regenerate-id'>function.session-regenerate-id</a>]: Session object destruction failed in [C:\wamp\www\cake_1.3.0\cake\libs\cake_session.php, line 647]
2011-10-11 09:43:33 Warning: Warning (2): session_start() [<a href='http://php.net/function.session-start'>function.session-start</a>]: open(c:/wamp/tmp\sess_oh3gnio6bv89jtef38619pkno3, O_RDWR) failed: Permission denied (13) in [C:\wamp\www\qrcode\cake\libs\cake_session.php, line 589]
2011-10-11 19:41:32 Warning: Warning (2): Invalid argument supplied for foreach() in [C:\wamp\www\qrcode\views\faculties\index.ctp, line 82]
2011-10-11 19:43:24 Warning: Warning (2): Invalid argument supplied for foreach() in [C:\wamp\www\qrcode\views\faculties\index.ctp, line 80]
2011-10-11 19:43:45 Warning: Warning (2): Invalid argument supplied for foreach() in [C:\wamp\www\qrcode\views\faculties\index.ctp, line 81]
2011-10-12 07:03:02 Warning: Warning (2): Invalid argument supplied for foreach() in [C:\wamp\www\qrcode\views\departments\index.ctp, line 79]
2011-10-12 07:04:05 Warning: Warning (2): Invalid argument supplied for foreach() in [C:\wamp\www\qrcode\views\departments\index.ctp, line 79]
2011-10-12 07:04:50 Warning: Warning (2): Invalid argument supplied for foreach() in [C:\wamp\www\qrcode\views\departments\index.ctp, line 78]
2011-10-12 07:19:20 Warning: Warning (2): Invalid argument supplied for foreach() in [C:\wamp\www\qrcode\views\laboratories\index.ctp, line 75]
2011-10-12 07:19:49 Warning: Warning (2): Invalid argument supplied for foreach() in [C:\wamp\www\qrcode\views\laboratories\index.ctp, line 76]
2011-10-12 07:20:10 Warning: Warning (2): Invalid argument supplied for foreach() in [C:\wamp\www\qrcode\views\laboratories\index.ctp, line 76]
2011-10-12 07:21:09 Warning: Warning (2): Invalid argument supplied for foreach() in [C:\wamp\www\qrcode\views\laboratories\index.ctp, line 75]
2011-10-12 10:49:13 Warning: Warning (2): Invalid argument supplied for foreach() in [C:\wamp\www\qrcode\views\dependences\index.ctp, line 71]
2011-10-12 10:49:14 Warning: Warning (2): Invalid argument supplied for foreach() in [C:\wamp\www\qrcode\views\dependences\index.ctp, line 71]
2011-10-12 10:50:03 Warning: Warning (2): Invalid argument supplied for foreach() in [C:\wamp\www\qrcode\views\dependences\index.ctp, line 71]
2011-10-12 10:50:36 Warning: Warning (2): Invalid argument supplied for foreach() in [C:\wamp\www\qrcode\views\dependences\index.ctp, line 71]
2011-10-15 18:50:05 Warning: Warning (2): mysql_query() expects parameter 2 to be resource, null given in [C:\wamp\www\qrcode\views\faculties\index.ctp, line 122]
2011-10-15 18:50:05 Warning: Warning (2): mysql_fetch_array() expects parameter 1 to be resource, null given in [C:\wamp\www\qrcode\views\faculties\index.ctp, line 123]
2011-10-15 18:52:21 Warning: Warning (2): mysql_query() expects parameter 2 to be resource, null given in [C:\wamp\www\qrcode\views\faculties\index.ctp, line 128]
2011-10-15 18:52:21 Warning: Warning (2): mysql_fetch_array() expects parameter 1 to be resource, null given in [C:\wamp\www\qrcode\views\faculties\index.ctp, line 129]
2011-10-15 18:52:50 Warning: Warning (2): mysql_query() expects parameter 2 to be resource, null given in [C:\wamp\www\qrcode\views\faculties\index.ctp, line 131]
2011-10-15 18:52:50 Warning: Warning (2): mysql_fetch_array() expects parameter 1 to be resource, null given in [C:\wamp\www\qrcode\views\faculties\index.ctp, line 132]
2011-10-15 18:53:17 Warning: Warning (2): mysql_query() expects parameter 2 to be resource, null given in [C:\wamp\www\qrcode\views\faculties\index.ctp, line 131]
2011-10-15 18:53:17 Warning: Warning (2): mysql_fetch_array() expects parameter 1 to be resource, null given in [C:\wamp\www\qrcode\views\faculties\index.ctp, line 132]
2011-10-15 18:54:07 Warning: Warning (2): mysql_query() expects parameter 2 to be resource, null given in [C:\wamp\www\qrcode\views\faculties\index.ctp, line 131]
2011-10-15 18:54:07 Warning: Warning (2): mysql_fetch_array() expects parameter 1 to be resource, null given in [C:\wamp\www\qrcode\views\faculties\index.ctp, line 132]
2011-10-15 18:54:08 Warning: Warning (2): mysql_query() expects parameter 2 to be resource, null given in [C:\wamp\www\qrcode\views\faculties\index.ctp, line 131]
2011-10-15 18:54:08 Warning: Warning (2): mysql_fetch_array() expects parameter 1 to be resource, null given in [C:\wamp\www\qrcode\views\faculties\index.ctp, line 132]
2011-10-15 18:54:45 Warning: Warning (2): mysql_query() expects parameter 2 to be resource, null given in [C:\wamp\www\qrcode\views\faculties\index.ctp, line 138]
2011-10-15 18:54:45 Warning: Warning (2): mysql_fetch_array() expects parameter 1 to be resource, null given in [C:\wamp\www\qrcode\views\faculties\index.ctp, line 139]
2011-10-16 07:07:51 Warning: Warning (2): Invalid argument supplied for foreach() in [C:\wamp\www\qrcode\views\users\index.ctp, line 62]
2011-10-16 07:09:16 Warning: Warning (2): Invalid argument supplied for foreach() in [C:\wamp\www\qrcode\views\users\index.ctp, line 62]
2011-10-16 07:09:45 Warning: Warning (2): Invalid argument supplied for foreach() in [C:\wamp\www\qrcode\views\users\index.ctp, line 63]
2011-10-16 07:33:16 Warning: Warning (2): Invalid argument supplied for foreach() in [C:\wamp\www\qrcode\views\departments\index.ctp, line 115]
2011-10-16 07:52:53 Warning: Warning (2): Invalid argument supplied for foreach() in [C:\wamp\www\qrcode\views\dependences\index.ctp, line 104]
2011-10-16 07:53:13 Warning: Warning (2): Invalid argument supplied for foreach() in [C:\wamp\www\qrcode\views\dependences\index.ctp, line 104]
2011-10-16 07:53:15 Warning: Warning (2): Invalid argument supplied for foreach() in [C:\wamp\www\qrcode\views\dependences\index.ctp, line 104]
2011-10-16 08:07:10 Warning: Warning (2): Invalid argument supplied for foreach() in [C:\wamp\www\qrcode\views\laboratories\index.ctp, line 111]
2011-10-25 17:58:46 Warning: Warning (2): Invalid argument supplied for foreach() in [C:\wamp\www\qrcode\views\users\view.ctp, line 77]
2012-04-23 05:02:02 Warning: Warning (2): imagepng() [<a href='http://php.net/function.imagepng'>function.imagepng</a>]: Unable to open 'img/xc&lt;c.png' for writing: Invalid argument in [C:\wamp\www\qrcode\phpqrcode\phpqrcode.php, line 954]
